1726374468102:help
1726374481382:saludar fernando
1726374548653:quit
1726422489847:saludar
1726422498411:saludar "fernando"
1726422765529:task-cli saludar "fernandiño"
1726422868595:saludar "fernando"
1726422982834:task-cli add "buy a car"
1726423417878:help
1726423427278:script
1726423442618:task-cli "buy a car"
1726423455597:task-cli add "buy a car"
1726423475189:tas-cli update 1 "buy a motocycle"
1726423504359:task-cli update 1 "buy a motocycle"
1726425711735:task-cli add "buy a book"
1726425733026:task-cli update 1 "buy two books"
1726425745513:task-cli delete 1
1726425763081:task-cli mark-to-do 1
1726425905509:task-cli markin-progress 1
1726425917830:task-cli mark-in-progress 1
1726425926024:task-cli mark-done 1
1726425931928:task-cli list
1726425943958:task-cli list to-do
1726425954238:task-cli list in-progress
1726426015236:task-cli list done
1726441761994:help
1726441787958:task-cli
1726441799078:task-cli delete
1726441809360:task-cli delete 1
1726441828750:task-cli delete 2
1726441852870:task-cli add "take a shower"
1726441890212:task-cli list
1726441916669:task-cli update 2 "buy clothes"
1726441935370:task-cli update 1 "take a shower with my cat"
1726441960564:task-cli mark-in-progress 1
1726442047628:task-cli list
1726442060230:task-cli add "take a shower"
1726442065873:task-cli list
1726442139431:task-cli update 1 "take a shower with my cats"
1726442149419:task-cli list
1726442191046:help
1726442199799:task-cli list donde
1726442213927:task-cli list done
1726442241097:task-cli list in-progress
1726442247563:task-cli list to-do
1726442264491:task-cli mark-in-progress 1
1726442273344:task-cli list
1726462083524:help
1726462088940:task-cli list
1726462102284:task-cli mark done 2
1726462113624:task-cli mark-done 2
1726623129566:task-cli add "try sonarqube"
1726623140218:task-cli make-in-progress 1
1726623163303:task-cli mark-in-progress 1
1726623168739:task-cli list
1726623179880:task-cli add "Comer"
1726623183330:task-cli list
1726699150895:task-cli add "bañarse"
1726699162078:task-cli add "jugar"
1726699172425:task-cli mark-in-progress 2
1726699180434:task-cli list
1726699198725:task-cli add "dormir"
1726699205537:task-cli mark-done 3
1726699212488:task-cli list done
1726699229848:task-cli download
1726700597363:task-cli add "take a shower"
1726700603391:task-cli download
1726700785745:task-cli donwload
1726700792422:task-cli download
1726700805155:task-cli add "take a shower"
1726700813105:task-cli download
1726700912127:help
1726700922991:task-cli download
1726700935577:task-cli add "take a shower"
1726700942096:task-cli download
1726701218220:task-cli add "go shopping"
1726701223278:task-cli donwload
1726701228935:task-cli download
1726701280510:task-cli add "do the laundry"
1726701285584:task-cli download
1726701352335:task-cli add "go bed"
1726701361501:task-cli mark-in-progress 1
1726701369058:task-cli mark-done 2
1726701379041:task-cli update 5 "hola"
1726701388268:task-cli download
